0 info it worked if it ends with ok
1 verbose cli [ '/usr/local/Cellar/node/6.6.0/bin/node',
1 verbose cli   '/usr/local/bin/npm',
1 verbose cli   'start' ]
2 info using npm@3.10.7
3 info using node@v6.6.0
4 verbose run-script [ 'prestart', 'start', 'poststart' ]
5 info lifecycle nodejs-module-four-five@0.0.0~prestart: nodejs-module-four-five@0.0.0
6 silly lifecycle nodejs-module-four-five@0.0.0~prestart: no script for prestart, continuing
7 info lifecycle nodejs-module-four-five@0.0.0~start: nodejs-module-four-five@0.0.0
8 verbose lifecycle nodejs-module-four-five@0.0.0~start: unsafe-perm in lifecycle true
9 verbose lifecycle nodejs-module-four-five@0.0.0~start: PATH: /usr/local/lib/node_modules/npm/bin/node-gyp-bin:/Users/muthu/node_js_training/nodejs-module-four-five/node_modules/.bin:/usr/local/Cellar/node/6.6.0/bin:/usr/local/bin:/usr/bin:/bin:/usr/sbin:/sbin
10 verbose lifecycle nodejs-module-four-five@0.0.0~start: CWD: /Users/muthu/node_js_training/nodejs-module-four-five
11 silly lifecycle nodejs-module-four-five@0.0.0~start: Args: [ '-c', 'node ./bin/www' ]
12 silly lifecycle nodejs-module-four-five@0.0.0~start: Returned: code: 1  signal: null
13 info lifecycle nodejs-module-four-five@0.0.0~start: Failed to exec start script
14 verbose stack Error: nodejs-module-four-five@0.0.0 start: `node ./bin/www`
14 verbose stack Exit status 1
14 verbose stack     at EventEmitter.<anonymous> (/usr/local/lib/node_modules/npm/lib/utils/lifecycle.js:255:16)
14 verbose stack     at emitTwo (events.js:106:13)
14 verbose stack     at EventEmitter.emit (events.js:191:7)
14 verbose stack     at ChildProcess.<anonymous> (/usr/local/lib/node_modules/npm/lib/utils/spawn.js:40:14)
14 verbose stack     at emitTwo (events.js:106:13)
14 verbose stack     at ChildProcess.emit (events.js:191:7)
14 verbose stack     at maybeClose (internal/child_process.js:877:16)
14 verbose stack     at Process.ChildProcess._handle.onexit (internal/child_process.js:226:5)
15 verbose pkgid nodejs-module-four-five@0.0.0
16 verbose cwd /Users/muthu/node_js_training/nodejs-module-four-five
17 error Darwin 16.5.0
18 error argv "/usr/local/Cellar/node/6.6.0/bin/node" "/usr/local/bin/npm" "start"
19 error node v6.6.0
20 error npm  v3.10.7
21 error code ELIFECYCLE
22 error nodejs-module-four-five@0.0.0 start: `node ./bin/www`
22 error Exit status 1
23 error Failed at the nodejs-module-four-five@0.0.0 start script 'node ./bin/www'.
23 error Make sure you have the latest version of node.js and npm installed.
23 error If you do, this is most likely a problem with the nodejs-module-four-five package,
23 error not with npm itself.
23 error Tell the author that this fails on your system:
23 error     node ./bin/www
23 error You can get information on how to open an issue for this project with:
23 error     npm bugs nodejs-module-four-five
23 error Or if that isn't available, you can get their info via:
23 error     npm owner ls nodejs-module-four-five
23 error There is likely additional logging output above.
24 verbose exit [ 1, true ]
